********************************************************************************
PACKAGE-LOG: 2016-03-01 14:09:54
NOTICE: Do NOT post to public sites or forums 
********************************************************************************
VERSION:	1.1.4
WORDPRESS:	4.4.2
PHP INFO:	5.6.8 | SAPI: apache2handler
SERVER:		Apache/2.4.12 (Win32) OpenSSL/1.0.1l PHP/5.6.8 
PHP TIME LIMIT: (0) no time limit imposed 
PHP MAX MEMORY: 5000M (128M default) 
MEMORY STACK: 18.5MB 

********************************************************************************
DATABASE:
********************************************************************************
BUILD MODE:   PHP(query limit - 100)
MYSQLTIMEOUT: 5000
MYSQLDUMP:    Is Supported 
TABLES: total:13 | filtered:0 | create:13 
FILTERED: [] 
SQL CREATED: 20160301_harbr_56d5a29fb5dae5813160301140935_database.sql 
SQL FILE SIZE: 860.33KB (880982) 
SQL FILE TIME: 2016-03-01 14:09:55 
SQL RUNTIME: 0.66 sec. 

******************************************************************************** 
ARCHIVE (ZIP): 
******************************************************************************** 
ARCHIVE DIR:  C:/xampp/htdocs/harbr 
ARCHIVE FILE: 20160301_harbr_56d5a29fb5dae5813160301140935_archive.zip 
FILTERS: *OFF* 
DIRS:  not set 
EXTS:  not set 
---------------------------------------- 
COMPRESSING 
SIZE:	45.87MB 
STATS:	Dirs 451 | Files 2,857 
SQL ADDED: 20160301_harbr_56d5a29fb5dae5813160301140935_database.sql 
ZipArchive Object
(
    [status] => 0
    [statusSys] => 0
    [numFiles] => 3308
    [filename] => C:\xampp\htdocs\harbr\wp-snapshots\tmp\20160301_harbr_56d5a29fb5dae5813160301140935_archive.zip
    [comment] => 
)
 
COMPRESSION RESULT: '1' 
COMPRESSED SIZE: 22.32MB 
ARCHIVE RUNTIME: 24.30 sec. 
MEMORY STACK: 19.5MB 

******************************************************************************** 
MAKE INSTALLER: 
******************************************************************************** 
Build Start 
Build Finished 
Preping for use 
Template parsed with new data 
Complete [C:/xampp/htdocs/harbr/wp-snapshots/tmp/20160301_harbr_56d5a29fb5dae5813160301140935_installer.php] 
Added to archive 

******************************************************************************** 
INTEGRITY CHECKS: 
******************************************************************************** 
SQL File: 860.33KB 
Installer File: 318.82KB 
Archive File: 22.32MB  

********************************************************************************
RECORD ID:[1]
TOTAL PROCESS RUNTIME: 25.60 sec.
PEAK PHP MEMORY USED: 22MB
DONE PROCESSING => 20160301_harbr 2016-03-01 14:10:20
 
